<?xml version="1.0" encoding="UTF-8"?>
<testng-results skipped="0" failed="0" ignored="0" total="1" passed="1">
  <reporter-output>
  </reporter-output>
  <suite name="Default suite" duration-ms="33177" started-at="2021-12-08T09:03:17 UTC" finished-at="2021-12-08T09:03:50 UTC">
    <groups>
    </groups>
    <test name="Default test" duration-ms="33177" started-at="2021-12-08T09:03:17 UTC" finished-at="2021-12-08T09:03:50 UTC">
      <class name="medicarephase5project.LoginTest">
        <test-method status="PASS" signature="setup()[pri:0, instance:medicarephase5project.LoginTest@5a4041cc]" name="setup" is-config="true" duration-ms="3927" started-at="2021-12-08T09:03:17 UTC" finished-at="2021-12-08T09:03:21 UTC">
          <reporter-output>
          </reporter-output>
        </test-method> <!-- setup -->
        <test-method status="PASS" signature="Login()[pri:0, instance:medicarephase5project.LoginTest@5a4041cc]" name="Login" duration-ms="29208" started-at="2021-12-08T09:03:21 UTC" finished-at="2021-12-08T09:03:50 UTC">
          <reporter-output>
          </reporter-output>
        </test-method> <!-- Login -->
        <test-method status="PASS" signature="teardown()[pri:0, instance:medicarephase5project.LoginTest@5a4041cc]" name="teardown" is-config="true" duration-ms="2" started-at="2021-12-08T09:03:50 UTC" finished-at="2021-12-08T09:03:50 UTC">
          <reporter-output>
          </reporter-output>
        </test-method> <!-- teardown -->
      </class> <!-- medicarephase5project.LoginTest -->
    </test> <!-- Default test -->
  </suite> <!-- Default suite -->
</testng-results>
